<?xml version="1.0" encoding="UTF-8"?>
<!-- Generated by org.testng.reporters.JUnitReportReporter -->
<testsuite hostname="Baishnab" failures="0" tests="2" name="com.saucedemo.TestScript.LoginTest" time="4.008" errors="0" timestamp="2023-11-25T17:06:20 IST" skipped="0">
  <testcase classname="com.saucedemo.TestScript.LoginTest" name="loginwithValidCredential" time="3.058"/>
  <testcase classname="com.saucedemo.TestScript.LoginTest" name="loginWithInvalidUsernameAndInvalidPassword" time="0.950"/>
</testsuite> <!-- com.saucedemo.TestScript.LoginTest -->
